09:20:19 **** Build of configuration Debug for project DMS ****
make all 
Building file: ../gpio.c
Invoking: AVR Compiler
avr-gcc -Wall -g2 -gstabs -O0 -fpack-struct -fshort-enums -ffunction-sections -fdata-sections -std=gnu99 -funsigned-char -funsigned-bitfields -mmcu=atmega32 -DF_CPU=8000000UL -MMD -MP -MF"gpio.d" -MT"gpio.o" -c -o "gpio.o" "../gpio.c"
Finished building: ../gpio.c
 
Building file: ../icu.c
Invoking: AVR Compiler
avr-gcc -Wall -g2 -gstabs -O0 -fpack-struct -fshort-enums -ffunction-sections -fdata-sections -std=gnu99 -funsigned-char -funsigned-bitfields -mmcu=atmega32 -DF_CPU=8000000UL -MMD -MP -MF"icu.d" -MT"icu.o" -c -o "icu.o" "../icu.c"
../icu.c: In function 'ICU_setCallBack':
../icu.c:82: warning: function return types not compatible due to 'volatile'
Finished building: ../icu.c
 
Building file: ../lcd.c
Invoking: AVR Compiler
avr-gcc -Wall -g2 -gstabs -O0 -fpack-struct -fshort-enums -ffunction-sections -fdata-sections -std=gnu99 -funsigned-char -funsigned-bitfields -mmcu=atmega32 -DF_CPU=8000000UL -MMD -MP -MF"lcd.d" -MT"lcd.o" -c -o "lcd.o" "../lcd.c"
In file included from ../lcd.c:14:
c:/winavr-20100110/lib/gcc/../../avr/include/util/delay.h:90:3: warning: #warning "Compiler optimizations disabled; functions from <util/delay.h> won't work as designed"
Finished building: ../lcd.c
 
Building file: ../main.c
Invoking: AVR Compiler
avr-gcc -Wall -g2 -gstabs -O0 -fpack-struct -fshort-enums -ffunction-sections -fdata-sections -std=gnu99 -funsigned-char -funsigned-bitfields -mmcu=atmega32 -DF_CPU=8000000UL -MMD -MP -MF"main.d" -MT"main.o" -c -o "main.o" "../main.c"
Finished building: ../main.c
 
Building file: ../ultrasonic.c
Invoking: AVR Compiler
avr-gcc -Wall -g2 -gstabs -O0 -fpack-struct -fshort-enums -ffunction-sections -fdata-sections -std=gnu99 -funsigned-char -funsigned-bitfields -mmcu=atmega32 -DF_CPU=8000000UL -MMD -MP -MF"ultrasonic.d" -MT"ultrasonic.o" -c -o "ultrasonic.o" "../ultrasonic.c"
In file included from ../ultrasonic.c:14:
c:/winavr-20100110/lib/gcc/../../avr/include/util/delay.h:90:3: warning: #warning "Compiler optimizations disabled; functions from <util/delay.h> won't work as designed"
Finished building: ../ultrasonic.c
 
Building target: DMS.elf
Invoking: AVR C Linker
avr-gcc -Wl,-Map,DMS.map -mmcu=atmega32 -o "DMS.elf"  ./gpio.o ./icu.o ./lcd.o ./main.o ./ultrasonic.o   
Finished building target: DMS.elf
 
Invoking: AVR Create Extended Listing
avr-objdump -h -S DMS.elf  >"DMS.lss"
Finished building: DMS.lss
 
Invoking: Print Size
avr-size --format=avr --mcu=atmega32 DMS.elf
AVR Memory Usage
----------------
Device: atmega32

Program:    8962 bytes (27.3% Full)
(.text + .data + .bootloader)

Data:         32 bytes (1.6% Full)
(.data + .bss + .noinit)


Finished building: sizedummy
 
09:20:32 **** Incremental Build of configuration Debug for project DMS ****
make all 
Invoking: Print Size
avr-size --format=avr --mcu=atmega32 DMS.elf
AVR Memory Usage
----------------
Device: atmega32

Program:    8962 bytes (27.3% Full)
(.text + .data + .bootloader)

Data:         32 bytes (1.6% Full)
(.data + .bss + .noinit)


Finished building: sizedummy
 
09:24:30 **** Incremental Build of configuration Debug for project DMS ****
make all 
Building file: ../main.c
Invoking: AVR Compiler
avr-gcc -Wall -g2 -gstabs -O0 -fpack-struct -fshort-enums -ffunction-sections -fdata-sections -std=gnu99 -funsigned-char -funsigned-bitfields -mmcu=atmega32 -DF_CPU=8000000UL -MMD -MP -MF"main.d" -MT"main.o" -c -o "main.o" "../main.c"
Finished building: ../main.c
 
Building file: ../ultrasonic.c
Invoking: AVR Compiler
avr-gcc -Wall -g2 -gstabs -O0 -fpack-struct -fshort-enums -ffunction-sections -fdata-sections -std=gnu99 -funsigned-char -funsigned-bitfields -mmcu=atmega32 -DF_CPU=8000000UL -MMD -MP -MF"ultrasonic.d" -MT"ultrasonic.o" -c -o "ultrasonic.o" "../ultrasonic.c"
In file included from ../ultrasonic.c:14:
c:/winavr-20100110/lib/gcc/../../avr/include/util/delay.h:90:3: warning: #warning "Compiler optimizations disabled; functions from <util/delay.h> won't work as designed"
Finished building: ../ultrasonic.c
 
Building target: DMS.elf
Invoking: AVR C Linker
avr-gcc -Wl,-Map,DMS.map -mmcu=atmega32 -o "DMS.elf"  ./gpio.o ./icu.o ./lcd.o ./main.o ./ultrasonic.o   
Finished building target: DMS.elf
 
Invoking: AVR Create Extended Listing
avr-objdump -h -S DMS.elf  >"DMS.lss"
Finished building: DMS.lss
 
Invoking: Print Size
avr-size --format=avr --mcu=atmega32 DMS.elf
AVR Memory Usage
----------------
Device: atmega32

Program:    8962 bytes (27.3% Full)
(.text + .data + .bootloader)

Data:         32 bytes (1.6% Full)
(.data + .bss + .noinit)


Finished building: sizedummy
 
09:39:20 **** Incremental Build of configuration Debug for project DMS ****
make all 
Building file: ../ultrasonic.c
Invoking: AVR Compiler
avr-gcc -Wall -g2 -gstabs -O0 -fpack-struct -fshort-enums -ffunction-sections -fdata-sections -std=gnu99 -funsigned-char -funsigned-bitfields -mmcu=atmega32 -DF_CPU=8000000UL -MMD -MP -MF"ultrasonic.d" -MT"ultrasonic.o" -c -o "ultrasonic.o" "../ultrasonic.c"
In file included from ../ultrasonic.c:14:
c:/winavr-20100110/lib/gcc/../../avr/include/util/delay.h:90:3: warning: #warning "Compiler optimizations disabled; functions from <util/delay.h> won't work as designed"
Finished building: ../ultrasonic.c
 
Building target: DMS.elf
Invoking: AVR C Linker
avr-gcc -Wl,-Map,DMS.map -mmcu=atmega32 -o "DMS.elf"  ./gpio.o ./icu.o ./lcd.o ./main.o ./ultrasonic.o   
Finished building target: DMS.elf
 
Invoking: AVR Create Extended Listing
avr-objdump -h -S DMS.elf  >"DMS.lss"
Finished building: DMS.lss
 
Invoking: Print Size
avr-size --format=avr --mcu=atmega32 DMS.elf
AVR Memory Usage
----------------
Device: atmega32

Program:    8970 bytes (27.4% Full)
(.text + .data + .bootloader)

Data:         33 bytes (1.6% Full)
(.data + .bss + .noinit)


Finished building: sizedummy
 
09:52:47 **** Incremental Build of configuration Debug for project DMS ****
make all 
Invoking: Print Size
avr-size --format=avr --mcu=atmega32 DMS.elf
AVR Memory Usage
----------------
Device: atmega32

Program:    8970 bytes (27.4% Full)
(.text + .data + .bootloader)

Data:         33 bytes (1.6% Full)
(.data + .bss + .noinit)


Finished building: sizedummy
 
09:52:48 **** Build of configuration Debug for project DMS_Eta32_mini ****
make all 
Building file: ../gpio.c
Invoking: AVR Compiler
avr-gcc -Wall -g2 -gstabs -O0 -fpack-struct -fshort-enums -ffunction-sections -fdata-sections -std=gnu99 -funsigned-char -funsigned-bitfields -mmcu=atmega32 -DF_CPU=16000000UL -MMD -MP -MF"gpio.d" -MT"gpio.o" -c -o "gpio.o" "../gpio.c"
Finished building: ../gpio.c
 
Building file: ../icu.c
Invoking: AVR Compiler
avr-gcc -Wall -g2 -gstabs -O0 -fpack-struct -fshort-enums -ffunction-sections -fdata-sections -std=gnu99 -funsigned-char -funsigned-bitfields -mmcu=atmega32 -DF_CPU=16000000UL -MMD -MP -MF"icu.d" -MT"icu.o" -c -o "icu.o" "../icu.c"
../icu.c: In function 'ICU_setCallBack':
../icu.c:82: warning: function return types not compatible due to 'volatile'
Finished building: ../icu.c
 
Building file: ../lcd.c
Invoking: AVR Compiler
avr-gcc -Wall -g2 -gstabs -O0 -fpack-struct -fshort-enums -ffunction-sections -fdata-sections -std=gnu99 -funsigned-char -funsigned-bitfields -mmcu=atmega32 -DF_CPU=16000000UL -MMD -MP -MF"lcd.d" -MT"lcd.o" -c -o "lcd.o" "../lcd.c"
In file included from ../lcd.c:14:
c:/winavr-20100110/lib/gcc/../../avr/include/util/delay.h:90:3: warning: #warning "Compiler optimizations disabled; functions from <util/delay.h> won't work as designed"
Finished building: ../lcd.c
 
Building file: ../main.c
Invoking: AVR Compiler
avr-gcc -Wall -g2 -gstabs -O0 -fpack-struct -fshort-enums -ffunction-sections -fdata-sections -std=gnu99 -funsigned-char -funsigned-bitfields -mmcu=atmega32 -DF_CPU=16000000UL -MMD -MP -MF"main.d" -MT"main.o" -c -o "main.o" "../main.c"
Finished building: ../main.c
 
Building file: ../ultrasonic.c
Invoking: AVR Compiler
avr-gcc -Wall -g2 -gstabs -O0 -fpack-struct -fshort-enums -ffunction-sections -fdata-sections -std=gnu99 -funsigned-char -funsigned-bitfields -mmcu=atmega32 -DF_CPU=16000000UL -MMD -MP -MF"ultrasonic.d" -MT"ultrasonic.o" -c -o "ultrasonic.o" "../ultrasonic.c"
In file included from ../ultrasonic.c:14:
c:/winavr-20100110/lib/gcc/../../avr/include/util/delay.h:90:3: warning: #warning "Compiler optimizations disabled; functions from <util/delay.h> won't work as designed"
Finished building: ../ultrasonic.c
 
Building target: DMS_Eta32_mini.elf
Invoking: AVR C Linker
avr-gcc -Wl,-Map,DMS_Eta32_mini.map -mmcu=atmega32 -o "DMS_Eta32_mini.elf"  ./gpio.o ./icu.o ./lcd.o ./main.o ./ultrasonic.o   
Finished building target: DMS_Eta32_mini.elf
 
Invoking: AVR Create Extended Listing
avr-objdump -h -S DMS_Eta32_mini.elf  >"DMS_Eta32_mini.lss"
Finished building: DMS_Eta32_mini.lss
 
Invoking: Print Size
avr-size --format=avr --mcu=atmega32 DMS_Eta32_mini.elf
AVR Memory Usage
----------------
Device: atmega32

Program:   11622 bytes (35.5% Full)
(.text + .data + .bootloader)

Data:         33 bytes (1.6% Full)
(.data + .bss + .noinit)


Finished building: sizedummy
 
09:52:51 **** Incremental Build of configuration Debug for project DMS ****
make all 
Invoking: Print Size
avr-size --format=avr --mcu=atmega32 DMS.elf
AVR Memory Usage
----------------
Device: atmega32

Program:    8970 bytes (27.4% Full)
(.text + .data + .bootloader)

Data:         33 bytes (1.6% Full)
(.data + .bss + .noinit)


Finished building: sizedummy
 
09:52:51 **** Incremental Build of configuration Debug for project DMS_Eta32_mini ****
make all 
Invoking: Print Size
avr-size --format=avr --mcu=atmega32 DMS_Eta32_mini.elf
AVR Memory Usage
----------------
Device: atmega32

Program:   11622 bytes (35.5% Full)
(.text + .data + .bootloader)

Data:         33 bytes (1.6% Full)
(.data + .bss + .noinit)


Finished building: sizedummy
 
09:53:05 **** Incremental Build of configuration Debug for project DMS ****
make all 
Invoking: Print Size
avr-size --format=avr --mcu=atmega32 DMS.elf
AVR Memory Usage
----------------
Device: atmega32

Program:    8970 bytes (27.4% Full)
(.text + .data + .bootloader)

Data:         33 bytes (1.6% Full)
(.data + .bss + .noinit)


Finished building: sizedummy
 
09:53:05 **** Incremental Build of configuration Debug for project DMS_Eta32_mini ****
make all 
Building target: DMS_Eta32_mini.elf
Invoking: AVR C Linker
avr-gcc -Wl,-Map,DMS_Eta32_mini.map -mmcu=atmega32 -o "DMS_Eta32_mini.elf"  ./gpio.o ./icu.o ./lcd.o ./main.o ./ultrasonic.o   
Finished building target: DMS_Eta32_mini.elf
 
Invoking: AVR Create Extended Listing
avr-objdump -h -S DMS_Eta32_mini.elf  >"DMS_Eta32_mini.lss"
Finished building: DMS_Eta32_mini.lss
 
Create Flash image (ihex format)
avr-objcopy -R .eeprom -R .fuse -R .lock -R .signature -O ihex DMS_Eta32_mini.elf  "DMS_Eta32_mini.hex"
Finished building: DMS_Eta32_mini.hex
 
Invoking: Print Size
avr-size --format=avr --mcu=atmega32 DMS_Eta32_mini.elf
AVR Memory Usage
----------------
Device: atmega32

Program:   11622 bytes (35.5% Full)
(.text + .data + .bootloader)

Data:         33 bytes (1.6% Full)
(.data + .bss + .noinit)


Finished building: sizedummy
 
22:18:15 **** Incremental Build of configuration Debug for project DMS ****
make all 
Invoking: Print Size
avr-size --format=avr --mcu=atmega32 DMS.elf
AVR Memory Usage
----------------
Device: atmega32

Program:    8970 bytes (27.4% Full)
(.text + .data + .bootloader)

Data:         33 bytes (1.6% Full)
(.data + .bss + .noinit)


Finished building: sizedummy
 
22:18:15 **** Incremental Build of configuration Debug for project DMS_Eta32_mini ****
make all 
Building file: ../gpio.c
Invoking: AVR Compiler
avr-gcc -Wall -g2 -gstabs -O0 -fpack-struct -fshort-enums -ffunction-sections -fdata-sections -std=gnu99 -funsigned-char -funsigned-bitfields -mmcu=atmega32 -DF_CPU=16000000UL -MMD -MP -MF"gpio.d" -MT"gpio.o" -c -o "gpio.o" "../gpio.c"
Finished building: ../gpio.c
 
Building file: ../icu.c
Invoking: AVR Compiler
avr-gcc -Wall -g2 -gstabs -O0 -fpack-struct -fshort-enums -ffunction-sections -fdata-sections -std=gnu99 -funsigned-char -funsigned-bitfields -mmcu=atmega32 -DF_CPU=16000000UL -MMD -MP -MF"icu.d" -MT"icu.o" -c -o "icu.o" "../icu.c"
../icu.c: In function 'ICU_setCallBack':
../icu.c:82: warning: function return types not compatible due to 'volatile'
Finished building: ../icu.c
 
Building file: ../lcd.c
Invoking: AVR Compiler
avr-gcc -Wall -g2 -gstabs -O0 -fpack-struct -fshort-enums -ffunction-sections -fdata-sections -std=gnu99 -funsigned-char -funsigned-bitfields -mmcu=atmega32 -DF_CPU=16000000UL -MMD -MP -MF"lcd.d" -MT"lcd.o" -c -o "lcd.o" "../lcd.c"
In file included from ../lcd.c:14:
c:/winavr-20100110/lib/gcc/../../avr/include/util/delay.h:90:3: warning: #warning "Compiler optimizations disabled; functions from <util/delay.h> won't work as designed"
Finished building: ../lcd.c
 
Building file: ../main.c
Invoking: AVR Compiler
avr-gcc -Wall -g2 -gstabs -O0 -fpack-struct -fshort-enums -ffunction-sections -fdata-sections -std=gnu99 -funsigned-char -funsigned-bitfields -mmcu=atmega32 -DF_CPU=16000000UL -MMD -MP -MF"main.d" -MT"main.o" -c -o "main.o" "../main.c"
Finished building: ../main.c
 
Building file: ../output_unit.c
Invoking: AVR Compiler
avr-gcc -Wall -g2 -gstabs -O0 -fpack-struct -fshort-enums -ffunction-sections -fdata-sections -std=gnu99 -funsigned-char -funsigned-bitfields -mmcu=atmega32 -DF_CPU=16000000UL -MMD -MP -MF"output_unit.d" -MT"output_unit.o" -c -o "output_unit.o" "../output_unit.c"
Finished building: ../output_unit.c
 
Building file: ../ultrasonic.c
Invoking: AVR Compiler
avr-gcc -Wall -g2 -gstabs -O0 -fpack-struct -fshort-enums -ffunction-sections -fdata-sections -std=gnu99 -funsigned-char -funsigned-bitfields -mmcu=atmega32 -DF_CPU=16000000UL -MMD -MP -MF"ultrasonic.d" -MT"ultrasonic.o" -c -o "ultrasonic.o" "../ultrasonic.c"
In file included from ../ultrasonic.c:14:
c:/winavr-20100110/lib/gcc/../../avr/include/util/delay.h:90:3: warning: #warning "Compiler optimizations disabled; functions from <util/delay.h> won't work as designed"
Finished building: ../ultrasonic.c
 
Building target: DMS_Eta32_mini.elf
Invoking: AVR C Linker
avr-gcc -Wl,-Map,DMS_Eta32_mini.map -mmcu=atmega32 -o "DMS_Eta32_mini.elf"  ./gpio.o ./icu.o ./lcd.o ./main.o ./output_unit.o ./ultrasonic.o   
Finished building target: DMS_Eta32_mini.elf
 
Invoking: AVR Create Extended Listing
avr-objdump -h -S DMS_Eta32_mini.elf  >"DMS_Eta32_mini.lss"
Finished building: DMS_Eta32_mini.lss
 
Create Flash image (ihex format)
avr-objcopy -R .eeprom -R .fuse -R .lock -R .signature -O ihex DMS_Eta32_mini.elf  "DMS_Eta32_mini.hex"
Finished building: DMS_Eta32_mini.hex
 
Invoking: Print Size
avr-size --format=avr --mcu=atmega32 DMS_Eta32_mini.elf
AVR Memory Usage
----------------
Device: atmega32

Program:   11882 bytes (36.3% Full)
(.text + .data + .bootloader)

Data:         33 bytes (1.6% Full)
(.data + .bss + .noinit)


Finished building: sizedummy
 
22:18:19 **** Incremental Build of configuration Debug for project DMS ****
make all 
Invoking: Print Size
avr-size --format=avr --mcu=atmega32 DMS.elf
AVR Memory Usage
----------------
Device: atmega32

Program:    8970 bytes (27.4% Full)
(.text + .data + .bootloader)

Data:         33 bytes (1.6% Full)
(.data + .bss + .noinit)


Finished building: sizedummy
 
22:18:19 **** Incremental Build of configuration Debug for project DMS_Eta32_mini ****
make all 
Invoking: Print Size
avr-size --format=avr --mcu=atmega32 DMS_Eta32_mini.elf
AVR Memory Usage
----------------
Device: atmega32

Program:   11882 bytes (36.3% Full)
(.text + .data + .bootloader)

Data:         33 bytes (1.6% Full)
(.data + .bss + .noinit)


Finished building: sizedummy
 
22:20:28 **** Incremental Build of configuration Debug for project DMS ****
make all 
Invoking: Print Size
avr-size --format=avr --mcu=atmega32 DMS.elf
AVR Memory Usage
----------------
Device: atmega32

Program:    8970 bytes (27.4% Full)
(.text + .data + .bootloader)

Data:         33 bytes (1.6% Full)
(.data + .bss + .noinit)


Finished building: sizedummy
 
22:20:28 **** Incremental Build of configuration Debug for project DMS_Eta32_mini ****
make all 
Building file: ../main.c
Invoking: AVR Compiler
avr-gcc -Wall -g2 -gstabs -O0 -fpack-struct -fshort-enums -ffunction-sections -fdata-sections -std=gnu99 -funsigned-char -funsigned-bitfields -mmcu=atmega32 -DF_CPU=16000000UL -MMD -MP -MF"main.d" -MT"main.o" -c -o "main.o" "../main.c"
Finished building: ../main.c
 
Building file: ../output_unit.c
Invoking: AVR Compiler
avr-gcc -Wall -g2 -gstabs -O0 -fpack-struct -fshort-enums -ffunction-sections -fdata-sections -std=gnu99 -funsigned-char -funsigned-bitfields -mmcu=atmega32 -DF_CPU=16000000UL -MMD -MP -MF"output_unit.d" -MT"output_unit.o" -c -o "output_unit.o" "../output_unit.c"
Finished building: ../output_unit.c
 
Building target: DMS_Eta32_mini.elf
Invoking: AVR C Linker
avr-gcc -Wl,-Map,DMS_Eta32_mini.map -mmcu=atmega32 -o "DMS_Eta32_mini.elf"  ./gpio.o ./icu.o ./lcd.o ./main.o ./output_unit.o ./ultrasonic.o   
Finished building target: DMS_Eta32_mini.elf
 
Invoking: AVR Create Extended Listing
avr-objdump -h -S DMS_Eta32_mini.elf  >"DMS_Eta32_mini.lss"
Finished building: DMS_Eta32_mini.lss
 
Create Flash image (ihex format)
avr-objcopy -R .eeprom -R .fuse -R .lock -R .signature -O ihex DMS_Eta32_mini.elf  "DMS_Eta32_mini.hex"
Finished building: DMS_Eta32_mini.hex
 
Invoking: Print Size
avr-size --format=avr --mcu=atmega32 DMS_Eta32_mini.elf
AVR Memory Usage
----------------
Device: atmega32

Program:   11882 bytes (36.3% Full)
(.text + .data + .bootloader)

Data:         33 bytes (1.6% Full)
(.data + .bss + .noinit)


Finished building: sizedummy
 
22:21:01 **** Incremental Build of configuration Debug for project DMS ****
make all 
Invoking: Print Size
avr-size --format=avr --mcu=atmega32 DMS.elf
AVR Memory Usage
----------------
Device: atmega32

Program:    8970 bytes (27.4% Full)
(.text + .data + .bootloader)

Data:         33 bytes (1.6% Full)
(.data + .bss + .noinit)


Finished building: sizedummy
 
22:21:01 **** Incremental Build of configuration Debug for project DMS_Eta32_mini ****
make all 
Building file: ../main.c
Invoking: AVR Compiler
avr-gcc -Wall -g2 -gstabs -O0 -fpack-struct -fshort-enums -ffunction-sections -fdata-sections -std=gnu99 -funsigned-char -funsigned-bitfields -mmcu=atmega32 -DF_CPU=16000000UL -MMD -MP -MF"main.d" -MT"main.o" -c -o "main.o" "../main.c"
Finished building: ../main.c
 
Building target: DMS_Eta32_mini.elf
Invoking: AVR C Linker
avr-gcc -Wl,-Map,DMS_Eta32_mini.map -mmcu=atmega32 -o "DMS_Eta32_mini.elf"  ./gpio.o ./icu.o ./lcd.o ./main.o ./output_unit.o ./ultrasonic.o   
Finished building target: DMS_Eta32_mini.elf
 
Invoking: AVR Create Extended Listing
avr-objdump -h -S DMS_Eta32_mini.elf  >"DMS_Eta32_mini.lss"
Finished building: DMS_Eta32_mini.lss
 
Create Flash image (ihex format)
avr-objcopy -R .eeprom -R .fuse -R .lock -R .signature -O ihex DMS_Eta32_mini.elf  "DMS_Eta32_mini.hex"
Finished building: DMS_Eta32_mini.hex
 
Invoking: Print Size
avr-size --format=avr --mcu=atmega32 DMS_Eta32_mini.elf
AVR Memory Usage
----------------
Device: atmega32

Program:   11910 bytes (36.3% Full)
(.text + .data + .bootloader)

Data:         33 bytes (1.6% Full)
(.data + .bss + .noinit)


Finished building: sizedummy
 
22:23:13 **** Incremental Build of configuration Debug for project DMS ****
make all 
Invoking: Print Size
avr-size --format=avr --mcu=atmega32 DMS.elf
AVR Memory Usage
----------------
Device: atmega32

Program:    8970 bytes (27.4% Full)
(.text + .data + .bootloader)

Data:         33 bytes (1.6% Full)
(.data + .bss + .noinit)


Finished building: sizedummy
 
22:23:14 **** Incremental Build of configuration Debug for project DMS_Eta32_mini ****
make all 
Building file: ../main.c
Invoking: AVR Compiler
avr-gcc -Wall -g2 -gstabs -O0 -fpack-struct -fshort-enums -ffunction-sections -fdata-sections -std=gnu99 -funsigned-char -funsigned-bitfields -mmcu=atmega32 -DF_CPU=16000000UL -MMD -MP -MF"main.d" -MT"main.o" -c -o "main.o" "../main.c"
../main.c: In function 'main':
../main.c:45: warning: implicit declaration of function 'Output_unit_Grn_off'
Finished building: ../main.c
 
Building target: DMS_Eta32_mini.elf
Invoking: AVR C Linker
avr-gcc -Wl,-Map,DMS_Eta32_mini.map -mmcu=atmega32 -o "DMS_Eta32_mini.elf"  ./gpio.o ./icu.o ./lcd.o ./main.o ./output_unit.o ./ultrasonic.o   
Finished building target: DMS_Eta32_mini.elf
 
Invoking: AVR Create Extended Listing
avr-objdump -h -S DMS_Eta32_mini.elf  >"DMS_Eta32_mini.lss"
Finished building: DMS_Eta32_mini.lss
 
Create Flash image (ihex format)
avr-objcopy -R .eeprom -R .fuse -R .lock -R .signature -O ihex DMS_Eta32_mini.elf  "DMS_Eta32_mini.hex"
Finished building: DMS_Eta32_mini.hex
 
Invoking: Print Size
avr-size --format=avr --mcu=atmega32 DMS_Eta32_mini.elf
AVR Memory Usage
----------------
Device: atmega32

Program:   11922 bytes (36.4% Full)
(.text + .data + .bootloader)

Data:         33 bytes (1.6% Full)
(.data + .bss + .noinit)


Finished building: sizedummy
 
22:23:20 **** Incremental Build of configuration Debug for project DMS ****
make all 
Invoking: Print Size
avr-size --format=avr --mcu=atmega32 DMS.elf
AVR Memory Usage
----------------
Device: atmega32

Program:    8970 bytes (27.4% Full)
(.text + .data + .bootloader)

Data:         33 bytes (1.6% Full)
(.data + .bss + .noinit)


Finished building: sizedummy
 
22:23:21 **** Incremental Build of configuration Debug for project DMS_Eta32_mini ****
make all 
Invoking: Print Size
avr-size --format=avr --mcu=atmega32 DMS_Eta32_mini.elf
AVR Memory Usage
----------------
Device: atmega32

Program:   11922 bytes (36.4% Full)
(.text + .data + .bootloader)

Data:         33 bytes (1.6% Full)
(.data + .bss + .noinit)


Finished building: sizedummy
 
22:44:29 **** Incremental Build of configuration Debug for project DMS ****
make all 
Invoking: Print Size
avr-size --format=avr --mcu=atmega32 DMS.elf
AVR Memory Usage
----------------
Device: atmega32

Program:    8970 bytes (27.4% Full)
(.text + .data + .bootloader)

Data:         33 bytes (1.6% Full)
(.data + .bss + .noinit)


Finished building: sizedummy
 
22:44:30 **** Incremental Build of configuration Debug for project DMS_Eta32_mini ****
make all 
Building file: ../main.c
Invoking: AVR Compiler
avr-gcc -Wall -g2 -gstabs -O0 -fpack-struct -fshort-enums -ffunction-sections -fdata-sections -std=gnu99 -funsigned-char -funsigned-bitfields -mmcu=atmega32 -DF_CPU=16000000UL -MMD -MP -MF"main.d" -MT"main.o" -c -o "main.o" "../main.c"
../main.c: In function 'main':
../main.c:44: warning: implicit declaration of function '_delay_ms'
../main.c:47: warning: implicit declaration of function 'Output_unit_Grn_off'
Finished building: ../main.c
 
Building target: DMS_Eta32_mini.elf
Invoking: AVR C Linker
avr-gcc -Wl,-Map,DMS_Eta32_mini.map -mmcu=atmega32 -o "DMS_Eta32_mini.elf"  ./gpio.o ./icu.o ./lcd.o ./main.o ./output_unit.o ./ultrasonic.o   
./main.o: In function `main':
../main.c:44: undefined reference to `_delay_ms'
make: *** [DMS_Eta32_mini.elf] Error 1
"make all" terminated with exit code 2. Build might be incomplete.
22:45:10 **** Incremental Build of configuration Debug for project DMS ****
make all 
Invoking: Print Size
avr-size --format=avr --mcu=atmega32 DMS.elf
AVR Memory Usage
----------------
Device: atmega32

Program:    8970 bytes (27.4% Full)
(.text + .data + .bootloader)

Data:         33 bytes (1.6% Full)
(.data + .bss + .noinit)


Finished building: sizedummy
 
22:45:11 **** Incremental Build of configuration Debug for project DMS_Eta32_mini ****
make all 
Building file: ../main.c
Invoking: AVR Compiler
avr-gcc -Wall -g2 -gstabs -O0 -fpack-struct -fshort-enums -ffunction-sections -fdata-sections -std=gnu99 -funsigned-char -funsigned-bitfields -mmcu=atmega32 -DF_CPU=16000000UL -MMD -MP -MF"main.d" -MT"main.o" -c -o "main.o" "../main.c"
In file included from ../main.c:12:
c:/winavr-20100110/lib/gcc/../../avr/include/util/delay.h:90:3: warning: #warning "Compiler optimizations disabled; functions from <util/delay.h> won't work as designed"
../main.c: In function 'main':
../main.c:48: warning: implicit declaration of function 'Output_unit_Grn_off'
Finished building: ../main.c
 
Building target: DMS_Eta32_mini.elf
Invoking: AVR C Linker
avr-gcc -Wl,-Map,DMS_Eta32_mini.map -mmcu=atmega32 -o "DMS_Eta32_mini.elf"  ./gpio.o ./icu.o ./lcd.o ./main.o ./output_unit.o ./ultrasonic.o   
Finished building target: DMS_Eta32_mini.elf
 
Invoking: AVR Create Extended Listing
avr-objdump -h -S DMS_Eta32_mini.elf  >"DMS_Eta32_mini.lss"
Finished building: DMS_Eta32_mini.lss
 
Create Flash image (ihex format)
avr-objcopy -R .eeprom -R .fuse -R .lock -R .signature -O ihex DMS_Eta32_mini.elf  "DMS_Eta32_mini.hex"
Finished building: DMS_Eta32_mini.hex
 
Invoking: Print Size
avr-size --format=avr --mcu=atmega32 DMS_Eta32_mini.elf
AVR Memory Usage
----------------
Device: atmega32

Program:   12166 bytes (37.1% Full)
(.text + .data + .bootloader)

Data:         33 bytes (1.6% Full)
(.data + .bss + .noinit)


Finished building: sizedummy
 
22:45:13 **** Incremental Build of configuration Debug for project DMS ****
make all 
Invoking: Print Size
avr-size --format=avr --mcu=atmega32 DMS.elf
AVR Memory Usage
----------------
Device: atmega32

Program:    8970 bytes (27.4% Full)
(.text + .data + .bootloader)

Data:         33 bytes (1.6% Full)
(.data + .bss + .noinit)


Finished building: sizedummy
 
22:45:13 **** Incremental Build of configuration Debug for project DMS_Eta32_mini ****
make all 
Invoking: Print Size
avr-size --format=avr --mcu=atmega32 DMS_Eta32_mini.elf
AVR Memory Usage
----------------
Device: atmega32

Program:   12166 bytes (37.1% Full)
(.text + .data + .bootloader)

Data:         33 bytes (1.6% Full)
(.data + .bss + .noinit)


Finished building: sizedummy
 
22:46:02 **** Incremental Build of configuration Debug for project DMS ****
make all 
Invoking: Print Size
avr-size --format=avr --mcu=atmega32 DMS.elf
AVR Memory Usage
----------------
Device: atmega32

Program:    8970 bytes (27.4% Full)
(.text + .data + .bootloader)

Data:         33 bytes (1.6% Full)
(.data + .bss + .noinit)


Finished building: sizedummy
 
22:46:03 **** Incremental Build of configuration Debug for project DMS_Eta32_mini ****
make all 
Building file: ../main.c
Invoking: AVR Compiler
avr-gcc -Wall -g2 -gstabs -O0 -fpack-struct -fshort-enums -ffunction-sections -fdata-sections -std=gnu99 -funsigned-char -funsigned-bitfields -mmcu=atmega32 -DF_CPU=16000000UL -MMD -MP -MF"main.d" -MT"main.o" -c -o "main.o" "../main.c"
In file included from ../main.c:12:
c:/winavr-20100110/lib/gcc/../../avr/include/util/delay.h:90:3: warning: #warning "Compiler optimizations disabled; functions from <util/delay.h> won't work as designed"
../main.c: In function 'main':
../main.c:48: warning: implicit declaration of function 'Output_unit_Grn_off'
Finished building: ../main.c
 
Building target: DMS_Eta32_mini.elf
Invoking: AVR C Linker
avr-gcc -Wl,-Map,DMS_Eta32_mini.map -mmcu=atmega32 -o "DMS_Eta32_mini.elf"  ./gpio.o ./icu.o ./lcd.o ./main.o ./output_unit.o ./ultrasonic.o   
Finished building target: DMS_Eta32_mini.elf
 
Invoking: AVR Create Extended Listing
avr-objdump -h -S DMS_Eta32_mini.elf  >"DMS_Eta32_mini.lss"
Finished building: DMS_Eta32_mini.lss
 
Create Flash image (ihex format)
avr-objcopy -R .eeprom -R .fuse -R .lock -R .signature -O ihex DMS_Eta32_mini.elf  "DMS_Eta32_mini.hex"
Finished building: DMS_Eta32_mini.hex
 
Invoking: Print Size
avr-size --format=avr --mcu=atmega32 DMS_Eta32_mini.elf
AVR Memory Usage
----------------
Device: atmega32

Program:   12166 bytes (37.1% Full)
(.text + .data + .bootloader)

Data:         33 bytes (1.6% Full)
(.data + .bss + .noinit)


Finished building: sizedummy
 
22:46:41 **** Incremental Build of configuration Debug for project DMS ****
make all 
Invoking: Print Size
avr-size --format=avr --mcu=atmega32 DMS.elf
AVR Memory Usage
----------------
Device: atmega32

Program:    8970 bytes (27.4% Full)
(.text + .data + .bootloader)

Data:         33 bytes (1.6% Full)
(.data + .bss + .noinit)


Finished building: sizedummy
 
22:46:41 **** Incremental Build of configuration Debug for project DMS_Eta32_mini ****
make all 
Building file: ../main.c
Invoking: AVR Compiler
avr-gcc -Wall -g2 -gstabs -O0 -fpack-struct -fshort-enums -ffunction-sections -fdata-sections -std=gnu99 -funsigned-char -funsigned-bitfields -mmcu=atmega32 -DF_CPU=16000000UL -MMD -MP -MF"main.d" -MT"main.o" -c -o "main.o" "../main.c"
In file included from ../main.c:12:
c:/winavr-20100110/lib/gcc/../../avr/include/util/delay.h:90:3: warning: #warning "Compiler optimizations disabled; functions from <util/delay.h> won't work as designed"
../main.c: In function 'main':
../main.c:48: warning: implicit declaration of function 'Output_unit_Grn_off'
Finished building: ../main.c
 
Building target: DMS_Eta32_mini.elf
Invoking: AVR C Linker
avr-gcc -Wl,-Map,DMS_Eta32_mini.map -mmcu=atmega32 -o "DMS_Eta32_mini.elf"  ./gpio.o ./icu.o ./lcd.o ./main.o ./output_unit.o ./ultrasonic.o   
Finished building target: DMS_Eta32_mini.elf
 
Invoking: AVR Create Extended Listing
avr-objdump -h -S DMS_Eta32_mini.elf  >"DMS_Eta32_mini.lss"
Finished building: DMS_Eta32_mini.lss
 
Create Flash image (ihex format)
avr-objcopy -R .eeprom -R .fuse -R .lock -R .signature -O ihex DMS_Eta32_mini.elf  "DMS_Eta32_mini.hex"
Finished building: DMS_Eta32_mini.hex
 
Invoking: Print Size
avr-size --format=avr --mcu=atmega32 DMS_Eta32_mini.elf
AVR Memory Usage
----------------
Device: atmega32

Program:   12166 bytes (37.1% Full)
(.text + .data + .bootloader)

Data:         33 bytes (1.6% Full)
(.data + .bss + .noinit)


Finished building: sizedummy
 
22:47:12 **** Incremental Build of configuration Debug for project DMS ****
make all 
Invoking: Print Size
avr-size --format=avr --mcu=atmega32 DMS.elf
AVR Memory Usage
----------------
Device: atmega32

Program:    8970 bytes (27.4% Full)
(.text + .data + .bootloader)

Data:         33 bytes (1.6% Full)
(.data + .bss + .noinit)


Finished building: sizedummy
 
22:47:13 **** Incremental Build of configuration Debug for project DMS_Eta32_mini ****
make all 
Building file: ../main.c
Invoking: AVR Compiler
avr-gcc -Wall -g2 -gstabs -O0 -fpack-struct -fshort-enums -ffunction-sections -fdata-sections -std=gnu99 -funsigned-char -funsigned-bitfields -mmcu=atmega32 -DF_CPU=16000000UL -MMD -MP -MF"main.d" -MT"main.o" -c -o "main.o" "../main.c"
In file included from ../main.c:12:
c:/winavr-20100110/lib/gcc/../../avr/include/util/delay.h:90:3: warning: #warning "Compiler optimizations disabled; functions from <util/delay.h> won't work as designed"
../main.c: In function 'main':
../main.c:48: warning: implicit declaration of function 'Output_unit_Grn_off'
Finished building: ../main.c
 
Building target: DMS_Eta32_mini.elf
Invoking: AVR C Linker
avr-gcc -Wl,-Map,DMS_Eta32_mini.map -mmcu=atmega32 -o "DMS_Eta32_mini.elf"  ./gpio.o ./icu.o ./lcd.o ./main.o ./output_unit.o ./ultrasonic.o   
Finished building target: DMS_Eta32_mini.elf
 
Invoking: AVR Create Extended Listing
avr-objdump -h -S DMS_Eta32_mini.elf  >"DMS_Eta32_mini.lss"
Finished building: DMS_Eta32_mini.lss
 
Create Flash image (ihex format)
avr-objcopy -R .eeprom -R .fuse -R .lock -R .signature -O ihex DMS_Eta32_mini.elf  "DMS_Eta32_mini.hex"
Finished building: DMS_Eta32_mini.hex
 
Invoking: Print Size
avr-size --format=avr --mcu=atmega32 DMS_Eta32_mini.elf
AVR Memory Usage
----------------
Device: atmega32

Program:   12166 bytes (37.1% Full)
(.text + .data + .bootloader)

Data:         33 bytes (1.6% Full)
(.data + .bss + .noinit)


Finished building: sizedummy
 
22:47:16 **** Incremental Build of configuration Debug for project DMS ****
make all 
Invoking: Print Size
avr-size --format=avr --mcu=atmega32 DMS.elf
AVR Memory Usage
----------------
Device: atmega32

Program:    8970 bytes (27.4% Full)
(.text + .data + .bootloader)

Data:         33 bytes (1.6% Full)
(.data + .bss + .noinit)


Finished building: sizedummy
 
22:47:17 **** Incremental Build of configuration Debug for project DMS_Eta32_mini ****
make all 
Invoking: Print Size
avr-size --format=avr --mcu=atmega32 DMS_Eta32_mini.elf
AVR Memory Usage
----------------
Device: atmega32

Program:   12166 bytes (37.1% Full)
(.text + .data + .bootloader)

Data:         33 bytes (1.6% Full)
(.data + .bss + .noinit)


Finished building: sizedummy
 
22:47:57 **** Incremental Build of configuration Debug for project DMS ****
make all 
Invoking: Print Size
avr-size --format=avr --mcu=atmega32 DMS.elf
AVR Memory Usage
----------------
Device: atmega32

Program:    8970 bytes (27.4% Full)
(.text + .data + .bootloader)

Data:         33 bytes (1.6% Full)
(.data + .bss + .noinit)


Finished building: sizedummy
 
22:47:58 **** Incremental Build of configuration Debug for project DMS_Eta32_mini ****
make all 
Building file: ../main.c
Invoking: AVR Compiler
avr-gcc -Wall -g2 -gstabs -O0 -fpack-struct -fshort-enums -ffunction-sections -fdata-sections -std=gnu99 -funsigned-char -funsigned-bitfields -mmcu=atmega32 -DF_CPU=16000000UL -MMD -MP -MF"main.d" -MT"main.o" -c -o "main.o" "../main.c"
In file included from ../main.c:12:
c:/winavr-20100110/lib/gcc/../../avr/include/util/delay.h:90:3: warning: #warning "Compiler optimizations disabled; functions from <util/delay.h> won't work as designed"
../main.c: In function 'main':
../main.c:45: warning: implicit declaration of function 'Output_unit_Grn_off'
Finished building: ../main.c
 
Building target: DMS_Eta32_mini.elf
Invoking: AVR C Linker
avr-gcc -Wl,-Map,DMS_Eta32_mini.map -mmcu=atmega32 -o "DMS_Eta32_mini.elf"  ./gpio.o ./icu.o ./lcd.o ./main.o ./output_unit.o ./ultrasonic.o   
Finished building target: DMS_Eta32_mini.elf
 
Invoking: AVR Create Extended Listing
avr-objdump -h -S DMS_Eta32_mini.elf  >"DMS_Eta32_mini.lss"
Finished building: DMS_Eta32_mini.lss
 
Create Flash image (ihex format)
avr-objcopy -R .eeprom -R .fuse -R .lock -R .signature -O ihex DMS_Eta32_mini.elf  "DMS_Eta32_mini.hex"
Finished building: DMS_Eta32_mini.hex
 
Invoking: Print Size
avr-size --format=avr --mcu=atmega32 DMS_Eta32_mini.elf
AVR Memory Usage
----------------
Device: atmega32

Program:   12166 bytes (37.1% Full)
(.text + .data + .bootloader)

Data:         33 bytes (1.6% Full)
(.data + .bss + .noinit)


Finished building: sizedummy
 
22:48:06 **** Incremental Build of configuration Debug for project DMS ****
make all 
Invoking: Print Size
avr-size --format=avr --mcu=atmega32 DMS.elf
AVR Memory Usage
----------------
Device: atmega32

Program:    8970 bytes (27.4% Full)
(.text + .data + .bootloader)

Data:         33 bytes (1.6% Full)
(.data + .bss + .noinit)


Finished building: sizedummy
 
22:48:06 **** Incremental Build of configuration Debug for project DMS_Eta32_mini ****
make all 
Invoking: Print Size
avr-size --format=avr --mcu=atmega32 DMS_Eta32_mini.elf
AVR Memory Usage
----------------
Device: atmega32

Program:   12166 bytes (37.1% Full)
(.text + .data + .bootloader)

Data:         33 bytes (1.6% Full)
(.data + .bss + .noinit)


Finished building: sizedummy
 
22:48:26 **** Incremental Build of configuration Debug for project DMS ****
make all 
Invoking: Print Size
avr-size --format=avr --mcu=atmega32 DMS.elf
AVR Memory Usage
----------------
Device: atmega32

Program:    8970 bytes (27.4% Full)
(.text + .data + .bootloader)

Data:         33 bytes (1.6% Full)
(.data + .bss + .noinit)


Finished building: sizedummy
 
22:48:26 **** Incremental Build of configuration Debug for project DMS_Eta32_mini ****
make all 
Building file: ../main.c
Invoking: AVR Compiler
avr-gcc -Wall -g2 -gstabs -O0 -fpack-struct -fshort-enums -ffunction-sections -fdata-sections -std=gnu99 -funsigned-char -funsigned-bitfields -mmcu=atmega32 -DF_CPU=16000000UL -MMD -MP -MF"main.d" -MT"main.o" -c -o "main.o" "../main.c"
In file included from ../main.c:12:
c:/winavr-20100110/lib/gcc/../../avr/include/util/delay.h:90:3: warning: #warning "Compiler optimizations disabled; functions from <util/delay.h> won't work as designed"
Finished building: ../main.c
 
Building file: ../output_unit.c
Invoking: AVR Compiler
avr-gcc -Wall -g2 -gstabs -O0 -fpack-struct -fshort-enums -ffunction-sections -fdata-sections -std=gnu99 -funsigned-char -funsigned-bitfields -mmcu=atmega32 -DF_CPU=16000000UL -MMD -MP -MF"output_unit.d" -MT"output_unit.o" -c -o "output_unit.o" "../output_unit.c"
Finished building: ../output_unit.c
 
Building target: DMS_Eta32_mini.elf
Invoking: AVR C Linker
avr-gcc -Wl,-Map,DMS_Eta32_mini.map -mmcu=atmega32 -o "DMS_Eta32_mini.elf"  ./gpio.o ./icu.o ./lcd.o ./main.o ./output_unit.o ./ultrasonic.o   
Finished building target: DMS_Eta32_mini.elf
 
Invoking: AVR Create Extended Listing
avr-objdump -h -S DMS_Eta32_mini.elf  >"DMS_Eta32_mini.lss"
Finished building: DMS_Eta32_mini.lss
 
Create Flash image (ihex format)
avr-objcopy -R .eeprom -R .fuse -R .lock -R .signature -O ihex DMS_Eta32_mini.elf  "DMS_Eta32_mini.hex"
Finished building: DMS_Eta32_mini.hex
 
Invoking: Print Size
avr-size --format=avr --mcu=atmega32 DMS_Eta32_mini.elf
AVR Memory Usage
----------------
Device: atmega32

Program:   12166 bytes (37.1% Full)
(.text + .data + .bootloader)

Data:         33 bytes (1.6% Full)
(.data + .bss + .noinit)


Finished building: sizedummy
 
22:53:59 **** Incremental Build of configuration Debug for project DMS ****
make all 
Invoking: Print Size
avr-size --format=avr --mcu=atmega32 DMS.elf
AVR Memory Usage
----------------
Device: atmega32

Program:    8970 bytes (27.4% Full)
(.text + .data + .bootloader)

Data:         33 bytes (1.6% Full)
(.data + .bss + .noinit)


Finished building: sizedummy
 
22:53:59 **** Incremental Build of configuration Debug for project DMS_Eta32_mini ****
make all 
Building file: ../main.c
Invoking: AVR Compiler
avr-gcc -Wall -g2 -gstabs -O0 -fpack-struct -fshort-enums -ffunction-sections -fdata-sections -std=gnu99 -funsigned-char -funsigned-bitfields -mmcu=atmega32 -DF_CPU=16000000UL -MMD -MP -MF"main.d" -MT"main.o" -c -o "main.o" "../main.c"
In file included from ../main.c:12:
c:/winavr-20100110/lib/gcc/../../avr/include/util/delay.h:90:3: warning: #warning "Compiler optimizations disabled; functions from <util/delay.h> won't work as designed"
Finished building: ../main.c
 
Building target: DMS_Eta32_mini.elf
Invoking: AVR C Linker
avr-gcc -Wl,-Map,DMS_Eta32_mini.map -mmcu=atmega32 -o "DMS_Eta32_mini.elf"  ./gpio.o ./icu.o ./lcd.o ./main.o ./output_unit.o ./ultrasonic.o   
Finished building target: DMS_Eta32_mini.elf
 
Invoking: AVR Create Extended Listing
avr-objdump -h -S DMS_Eta32_mini.elf  >"DMS_Eta32_mini.lss"
Finished building: DMS_Eta32_mini.lss
 
Create Flash image (ihex format)
avr-objcopy -R .eeprom -R .fuse -R .lock -R .signature -O ihex DMS_Eta32_mini.elf  "DMS_Eta32_mini.hex"
Finished building: DMS_Eta32_mini.hex
 
Invoking: Print Size
avr-size --format=avr --mcu=atmega32 DMS_Eta32_mini.elf
AVR Memory Usage
----------------
Device: atmega32

Program:   12166 bytes (37.1% Full)
(.text + .data + .bootloader)

Data:         33 bytes (1.6% Full)
(.data + .bss + .noinit)


Finished building: sizedummy
 
